<?xml version="1.0" encoding="UTF-8"?>
<!-- Generated by org.testng.reporters.JUnitXMLReporter -->
<testsuite ignored="0" hostname="DESKTOP-B50K3QI" failures="0" tests="6" name="PetStoreAPIAutomation" time="3.229" errors="0" timestamp="2024-02-14T12:37:20 EST">
  <testcase classname="api.tests.UserTests" name="testCreateUser" time="1.575"/>
  <testcase classname="api.tests.UserTests" name="testGetUserByName" time="0.207"/>
  <testcase classname="api.tests.UserTests" name="testDeleteUser" time="0.222"/>
  <testcase classname="api.tests.UserTests2" name="testCreateUser" time="0.227"/>
  <testcase classname="api.tests.UserTests2" name="testGetUserByName" time="0.192"/>
  <testcase classname="api.tests.UserTests2" name="testDeleteUser" time="0.419"/>
</testsuite> <!-- PetStoreAPIAutomation -->
